2020-07-31 16:55:35.980  INFO 6588 --- [main] net.sample.demo.DemoApplication          : Starting DemoApplication on SARATH with PID 6588 (F:\MyAJIO\Projects\demo\target\classes started by Sarath in F:\MyAJIO\Projects\demo)
2020-07-31 16:55:35.987  INFO 6588 --- [main] net.sample.demo.DemoApplication          : No active profile set, falling back to default profiles: default
2020-07-31 16:55:37.356  INFO 6588 --- [main] .s.d.r.c.RepositoryConfigurationDelegate : Bootstrapping Spring Data JPA repositories in DEFAULT mode.
2020-07-31 16:55:37.462  INFO 6588 --- [main] .s.d.r.c.RepositoryConfigurationDelegate : Finished Spring Data repository scanning in 90ms. Found 1 JPA repository interfaces.
2020-07-31 16:55:38.647  INFO 6588 --- [main] o.s.b.w.embedded.tomcat.TomcatWebServer  : Tomcat initialized with port(s): 8090 (http)
2020-07-31 16:55:38.668  INFO 6588 --- [main] o.apache.catalina.core.StandardService   : Starting service [Tomcat]
2020-07-31 16:55:38.669  INFO 6588 --- [main] org.apache.catalina.core.StandardEngine  : Starting Servlet engine: [Apache Tomcat/9.0.37]
2020-07-31 16:55:38.820  INFO 6588 --- [main] o.a.c.c.C.[Tomcat].[localhost].[/]       : Initializing Spring embedded WebApplicationContext
2020-07-31 16:55:38.821  INFO 6588 --- [main] w.s.c.ServletWebServerApplicationContext : Root WebApplicationContext: initialization completed in 2681 ms
2020-07-31 16:55:39.128  INFO 6588 --- [main] o.hibernate.jpa.internal.util.LogHelper  : HHH000204: Processing PersistenceUnitInfo [name: default]
2020-07-31 16:55:39.204  INFO 6588 --- [main] org.hibernate.Version                    : HHH000412: Hibernate ORM core version 5.4.18.Final
2020-07-31 16:55:39.484  INFO 6588 --- [main] o.hibernate.annotations.common.Version   : HCANN000001: Hibernate Commons Annotations {5.1.0.Final}
2020-07-31 16:55:39.616  INFO 6588 --- [main] com.zaxxer.hikari.HikariDataSource       : HikariPool-1 - Starting...
2020-07-31 16:55:40.420  INFO 6588 --- [main] com.zaxxer.hikari.HikariDataSource       : HikariPool-1 - Start completed.
2020-07-31 16:55:40.476  INFO 6588 --- [main] org.hibernate.dialect.Dialect            : HHH000400: Using dialect: org.hibernate.dialect.MySQL8Dialect
2020-07-31 16:55:41.559  INFO 6588 --- [main] o.h.e.t.j.p.i.JtaPlatformInitiator       : HHH000490: Using JtaPlatform implementation: [org.hibernate.engine.transaction.jta.platform.internal.NoJtaPlatform]
2020-07-31 16:55:41.569  INFO 6588 --- [main] j.LocalContainerEntityManagerFactoryBean : Initialized JPA EntityManagerFactory for persistence unit 'default'
2020-07-31 16:55:42.286  WARN 6588 --- [main] JpaBaseConfiguration$JpaWebConfiguration : spring.jpa.open-in-view is enabled by default. Therefore, database queries may be performed during view rendering. Explicitly configure spring.jpa.open-in-view to disable this warning
2020-07-31 16:55:42.655  INFO 6588 --- [main] o.s.s.concurrent.ThreadPoolTaskExecutor  : Initializing ExecutorService 'applicationTaskExecutor'
2020-07-31 16:55:42.689 DEBUG 6588 --- [main] s.w.s.m.m.a.RequestMappingHandlerAdapter : ControllerAdvice beans: 0 @ModelAttribute, 0 @InitBinder, 1 RequestBodyAdvice, 1 ResponseBodyAdvice
2020-07-31 16:55:42.953 DEBUG 6588 --- [main] s.w.s.m.m.a.RequestMappingHandlerMapping : 8 mappings in 'requestMappingHandlerMapping'
2020-07-31 16:55:43.035 DEBUG 6588 --- [main] o.s.w.s.handler.SimpleUrlHandlerMapping  : Patterns [/webjars/**, /**] in 'resourceHandlerMapping'
2020-07-31 16:55:43.052 DEBUG 6588 --- [main] .m.m.a.ExceptionHandlerExceptionResolver : ControllerAdvice beans: 0 @ExceptionHandler, 1 ResponseBodyAdvice
2020-07-31 16:55:43.252  INFO 6588 --- [main] o.s.b.w.embedded.tomcat.TomcatWebServer  : Tomcat started on port(s): 8090 (http) with context path ''
2020-07-31 16:55:43.255  INFO 6588 --- [main] net.sample.demo.DemoApplication          : Started DemoApplication in 7.973 seconds (JVM running for 8.675)
2020-07-31 16:55:59.831  INFO 6588 --- [http-nio-8090-exec-1] o.a.c.c.C.[Tomcat].[localhost].[/]       : Initializing Spring DispatcherServlet 'dispatcherServlet'
2020-07-31 16:55:59.832  INFO 6588 --- [http-nio-8090-exec-1] o.s.web.servlet.DispatcherServlet        : Initializing Servlet 'dispatcherServlet'
2020-07-31 16:55:59.832 DEBUG 6588 --- [http-nio-8090-exec-1] o.s.web.servlet.DispatcherServlet        : Detected StandardServletMultipartResolver
2020-07-31 16:55:59.847 DEBUG 6588 --- [http-nio-8090-exec-1] o.s.web.servlet.DispatcherServlet        : enableLoggingRequestDetails='false': request parameters and headers will be masked to prevent unsafe logging of potentially sensitive data
2020-07-31 16:55:59.848  INFO 6588 --- [http-nio-8090-exec-1] o.s.web.servlet.DispatcherServlet        : Completed initialization in 16 ms
2020-07-31 16:55:59.867 DEBUG 6588 --- [http-nio-8090-exec-1] o.s.web.servlet.DispatcherServlet        : GET "/demo/products", parameters={}
2020-07-31 16:55:59.874 DEBUG 6588 --- [http-nio-8090-exec-1] s.w.s.m.m.a.RequestMappingHandlerMapping : Mapped to net.sample.demo.ProductController#getAll()
2020-07-31 16:56:00.500 DEBUG 6588 --- [http-nio-8090-exec-1] m.m.a.RequestResponseBodyMethodProcessor : Using 'application/json', given [*/*] and supported [application/json, application/*+json, application/json, application/*+json]
2020-07-31 16:56:00.501 DEBUG 6588 --- [http-nio-8090-exec-1] m.m.a.RequestResponseBodyMethodProcessor : Writing [[id=1
 name=one
 price=100, id=2
 name=two
 price=200, id=3
 name=three
 price=3, id=4
 name=four
 p (truncated)...]
2020-07-31 16:56:00.607 DEBUG 6588 --- [http-nio-8090-exec-1] o.s.web.servlet.DispatcherServlet        : Completed 200 OK
2020-07-31 16:57:24.764 DEBUG 6588 --- [http-nio-8090-exec-3] o.s.web.servlet.DispatcherServlet        : GET "/demo/products/1", parameters={}
2020-07-31 16:57:24.766 DEBUG 6588 --- [http-nio-8090-exec-3] s.w.s.m.m.a.RequestMappingHandlerMapping : Mapped to net.sample.demo.ProductController#get(Integer)
2020-07-31 16:57:24.831 DEBUG 6588 --- [http-nio-8090-exec-3] o.s.w.s.m.m.a.HttpEntityMethodProcessor  : Using 'application/json', given [*/*] and supported [application/json, application/*+json, application/json, application/*+json]
2020-07-31 16:57:24.833 DEBUG 6588 --- [http-nio-8090-exec-3] o.s.w.s.m.m.a.HttpEntityMethodProcessor  : Writing [id=1
 name=one
 price=100]
2020-07-31 16:57:24.835 DEBUG 6588 --- [http-nio-8090-exec-3] o.s.web.servlet.DispatcherServlet        : Completed 200 OK
