2020-07-31 16:58:44.614  INFO 11912 --- [main] net.sample.demo.DemoApplication          : Starting DemoApplication on SARATH with PID 11912 (F:\MyAJIO\Projects\demo\target\classes started by Sarath in F:\MyAJIO\Projects\demo)
2020-07-31 16:58:44.631  INFO 11912 --- [main] net.sample.demo.DemoApplication          : No active profile set, falling back to default profiles: default
2020-07-31 16:58:45.828  INFO 11912 --- [main] .s.d.r.c.RepositoryConfigurationDelegate : Bootstrapping Spring Data JPA repositories in DEFAULT mode.
2020-07-31 16:58:45.957  INFO 11912 --- [main] .s.d.r.c.RepositoryConfigurationDelegate : Finished Spring Data repository scanning in 112ms. Found 1 JPA repository interfaces.
2020-07-31 16:58:47.167  INFO 11912 --- [main] o.s.b.w.embedded.tomcat.TomcatWebServer  : Tomcat initialized with port(s): 8090 (http)
2020-07-31 16:58:47.185  INFO 11912 --- [main] o.apache.catalina.core.StandardService   : Starting service [Tomcat]
2020-07-31 16:58:47.186  INFO 11912 --- [main] org.apache.catalina.core.StandardEngine  : Starting Servlet engine: [Apache Tomcat/9.0.37]
2020-07-31 16:58:47.318  INFO 11912 --- [main] o.a.c.c.C.[Tomcat].[localhost].[/]       : Initializing Spring embedded WebApplicationContext
2020-07-31 16:58:47.319  INFO 11912 --- [main] w.s.c.ServletWebServerApplicationContext : Root WebApplicationContext: initialization completed in 2548 ms
2020-07-31 16:58:47.624  INFO 11912 --- [main] o.hibernate.jpa.internal.util.LogHelper  : HHH000204: Processing PersistenceUnitInfo [name: default]
2020-07-31 16:58:47.706  INFO 11912 --- [main] org.hibernate.Version                    : HHH000412: Hibernate ORM core version 5.4.18.Final
2020-07-31 16:58:47.989  INFO 11912 --- [main] o.hibernate.annotations.common.Version   : HCANN000001: Hibernate Commons Annotations {5.1.0.Final}
2020-07-31 16:58:48.115  INFO 11912 --- [main] com.zaxxer.hikari.HikariDataSource       : HikariPool-1 - Starting...
2020-07-31 16:58:48.902  INFO 11912 --- [main] com.zaxxer.hikari.HikariDataSource       : HikariPool-1 - Start completed.
2020-07-31 16:58:48.944  INFO 11912 --- [main] org.hibernate.dialect.Dialect            : HHH000400: Using dialect: org.hibernate.dialect.MySQL8Dialect
2020-07-31 16:58:50.234  INFO 11912 --- [main] o.h.e.t.j.p.i.JtaPlatformInitiator       : HHH000490: Using JtaPlatform implementation: [org.hibernate.engine.transaction.jta.platform.internal.NoJtaPlatform]
2020-07-31 16:58:50.265  INFO 11912 --- [main] j.LocalContainerEntityManagerFactoryBean : Initialized JPA EntityManagerFactory for persistence unit 'default'
2020-07-31 16:58:50.844  WARN 11912 --- [main] JpaBaseConfiguration$JpaWebConfiguration : spring.jpa.open-in-view is enabled by default. Therefore, database queries may be performed during view rendering. Explicitly configure spring.jpa.open-in-view to disable this warning
2020-07-31 16:58:51.059  INFO 11912 --- [main] o.s.s.concurrent.ThreadPoolTaskExecutor  : Initializing ExecutorService 'applicationTaskExecutor'
2020-07-31 16:58:51.075 DEBUG 11912 --- [main] s.w.s.m.m.a.RequestMappingHandlerAdapter : ControllerAdvice beans: 0 @ModelAttribute, 0 @InitBinder, 1 RequestBodyAdvice, 1 ResponseBodyAdvice
2020-07-31 16:58:51.188 DEBUG 11912 --- [main] s.w.s.m.m.a.RequestMappingHandlerMapping : 8 mappings in 'requestMappingHandlerMapping'
2020-07-31 16:58:51.232 DEBUG 11912 --- [main] o.s.w.s.handler.SimpleUrlHandlerMapping  : Patterns [/webjars/**, /**] in 'resourceHandlerMapping'
2020-07-31 16:58:51.252 DEBUG 11912 --- [main] .m.m.a.ExceptionHandlerExceptionResolver : ControllerAdvice beans: 0 @ExceptionHandler, 1 ResponseBodyAdvice
2020-07-31 16:58:51.452  INFO 11912 --- [main] o.s.b.w.embedded.tomcat.TomcatWebServer  : Tomcat started on port(s): 8090 (http) with context path ''
2020-07-31 16:58:51.455  INFO 11912 --- [main] net.sample.demo.DemoApplication          : Started DemoApplication in 7.802 seconds (JVM running for 8.715)
2020-07-31 16:58:55.626  INFO 11912 --- [http-nio-8090-exec-1] o.a.c.c.C.[Tomcat].[localhost].[/]       : Initializing Spring DispatcherServlet 'dispatcherServlet'
2020-07-31 16:58:55.627  INFO 11912 --- [http-nio-8090-exec-1] o.s.web.servlet.DispatcherServlet        : Initializing Servlet 'dispatcherServlet'
2020-07-31 16:58:55.630 DEBUG 11912 --- [http-nio-8090-exec-1] o.s.web.servlet.DispatcherServlet        : Detected StandardServletMultipartResolver
2020-07-31 16:58:55.647 DEBUG 11912 --- [http-nio-8090-exec-1] o.s.web.servlet.DispatcherServlet        : enableLoggingRequestDetails='false': request parameters and headers will be masked to prevent unsafe logging of potentially sensitive data
2020-07-31 16:58:55.647  INFO 11912 --- [http-nio-8090-exec-1] o.s.web.servlet.DispatcherServlet        : Completed initialization in 17 ms
2020-07-31 16:58:55.681 DEBUG 11912 --- [http-nio-8090-exec-1] o.s.web.servlet.DispatcherServlet        : GET "/demo/products/1", parameters={}
2020-07-31 16:58:55.692 DEBUG 11912 --- [http-nio-8090-exec-1] s.w.s.m.m.a.RequestMappingHandlerMapping : Mapped to net.sample.demo.ProductController#get(Integer)
2020-07-31 16:58:56.040 DEBUG 11912 --- [http-nio-8090-exec-1] o.s.w.s.m.m.a.HttpEntityMethodProcessor  : Using 'application/json', given [*/*] and supported [application/json, application/*+json, application/json, application/*+json]
2020-07-31 16:58:56.041 DEBUG 11912 --- [http-nio-8090-exec-1] o.s.w.s.m.m.a.HttpEntityMethodProcessor  : Writing [id=1
 name=one
 price=100]
2020-07-31 16:58:56.084 DEBUG 11912 --- [http-nio-8090-exec-1] o.s.web.servlet.DispatcherServlet        : Completed 200 OK
2020-07-31 16:59:36.082 DEBUG 11912 --- [http-nio-8090-exec-2] o.s.web.servlet.DispatcherServlet        : GET "/demo/products", parameters={}
2020-07-31 16:59:36.083 DEBUG 11912 --- [http-nio-8090-exec-2] s.w.s.m.m.a.RequestMappingHandlerMapping : Mapped to net.sample.demo.ProductController#getAll()
2020-07-31 16:59:36.564 DEBUG 11912 --- [http-nio-8090-exec-2] m.m.a.RequestResponseBodyMethodProcessor : Using 'application/json', given [*/*] and supported [application/json, application/*+json, application/json, application/*+json]
2020-07-31 16:59:36.565 DEBUG 11912 --- [http-nio-8090-exec-2] m.m.a.RequestResponseBodyMethodProcessor : Writing [[id=1
 name=one
 price=100, id=2
 name=two
 price=200, id=3
 name=three
 price=3, id=4
 name=four
 p (truncated)...]
2020-07-31 16:59:36.570 DEBUG 11912 --- [http-nio-8090-exec-2] o.s.web.servlet.DispatcherServlet        : Completed 200 OK
2020-07-31 17:00:53.132 DEBUG 11912 --- [http-nio-8090-exec-4] o.s.web.servlet.DispatcherServlet        : POST "/demo/products", parameters={}
2020-07-31 17:00:53.133 DEBUG 11912 --- [http-nio-8090-exec-4] s.w.s.m.m.a.RequestMappingHandlerMapping : Mapped to net.sample.demo.ProductController#save(Product)
2020-07-31 17:00:53.277 DEBUG 11912 --- [http-nio-8090-exec-4] m.m.a.RequestResponseBodyMethodProcessor : Read "application/json;charset=UTF-8" to [id=null
 name=sample
 price=69]
2020-07-31 17:00:53.534 DEBUG 11912 --- [http-nio-8090-exec-4] m.m.a.RequestResponseBodyMethodProcessor : Using 'application/json', given [*/*] and supported [application/json, application/*+json, application/json, application/*+json]
2020-07-31 17:00:53.534 DEBUG 11912 --- [http-nio-8090-exec-4] m.m.a.RequestResponseBodyMethodProcessor : Nothing to write: null body
2020-07-31 17:00:53.535 DEBUG 11912 --- [http-nio-8090-exec-4] o.s.web.servlet.DispatcherServlet        : Completed 200 OK
2020-07-31 17:03:33.642  INFO 11416 --- [main] net.sample.demo.DemoApplication          : Starting DemoApplication on SARATH with PID 11416 (F:\MyAJIO\Projects\demo\target\classes started by Sarath in F:\MyAJIO\Projects\demo)
2020-07-31 17:03:33.646  INFO 11416 --- [main] net.sample.demo.DemoApplication          : No active profile set, falling back to default profiles: default
2020-07-31 17:03:34.784  INFO 11416 --- [main] .s.d.r.c.RepositoryConfigurationDelegate : Bootstrapping Spring Data JPA repositories in DEFAULT mode.
2020-07-31 17:03:34.896  INFO 11416 --- [main] .s.d.r.c.RepositoryConfigurationDelegate : Finished Spring Data repository scanning in 96ms. Found 1 JPA repository interfaces.
2020-07-31 17:03:36.061  INFO 11416 --- [main] o.s.b.w.embedded.tomcat.TomcatWebServer  : Tomcat initialized with port(s): 8090 (http)
2020-07-31 17:03:36.079  INFO 11416 --- [main] o.apache.catalina.core.StandardService   : Starting service [Tomcat]
2020-07-31 17:03:36.079  INFO 11416 --- [main] org.apache.catalina.core.StandardEngine  : Starting Servlet engine: [Apache Tomcat/9.0.37]
2020-07-31 17:03:36.218  INFO 11416 --- [main] o.a.c.c.C.[Tomcat].[localhost].[/]       : Initializing Spring embedded WebApplicationContext
2020-07-31 17:03:36.219  INFO 11416 --- [main] w.s.c.ServletWebServerApplicationContext : Root WebApplicationContext: initialization completed in 2467 ms
2020-07-31 17:03:36.528  INFO 11416 --- [main] o.hibernate.jpa.internal.util.LogHelper  : HHH000204: Processing PersistenceUnitInfo [name: default]
2020-07-31 17:03:36.591  INFO 11416 --- [main] org.hibernate.Version                    : HHH000412: Hibernate ORM core version 5.4.18.Final
2020-07-31 17:03:36.860  INFO 11416 --- [main] o.hibernate.annotations.common.Version   : HCANN000001: Hibernate Commons Annotations {5.1.0.Final}
2020-07-31 17:03:36.998  INFO 11416 --- [main] com.zaxxer.hikari.HikariDataSource       : HikariPool-1 - Starting...
2020-07-31 17:03:37.948  INFO 11416 --- [main] com.zaxxer.hikari.HikariDataSource       : HikariPool-1 - Start completed.
2020-07-31 17:03:37.997  INFO 11416 --- [main] org.hibernate.dialect.Dialect            : HHH000400: Using dialect: org.hibernate.dialect.MySQL8Dialect
2020-07-31 17:03:39.169  INFO 11416 --- [main] o.h.e.t.j.p.i.JtaPlatformInitiator       : HHH000490: Using JtaPlatform implementation: [org.hibernate.engine.transaction.jta.platform.internal.NoJtaPlatform]
2020-07-31 17:03:39.181  INFO 11416 --- [main] j.LocalContainerEntityManagerFactoryBean : Initialized JPA EntityManagerFactory for persistence unit 'default'
2020-07-31 17:03:39.690  WARN 11416 --- [main] JpaBaseConfiguration$JpaWebConfiguration : spring.jpa.open-in-view is enabled by default. Therefore, database queries may be performed during view rendering. Explicitly configure spring.jpa.open-in-view to disable this warning
2020-07-31 17:03:39.907  INFO 11416 --- [main] o.s.s.concurrent.ThreadPoolTaskExecutor  : Initializing ExecutorService 'applicationTaskExecutor'
2020-07-31 17:03:39.921 DEBUG 11416 --- [main] s.w.s.m.m.a.RequestMappingHandlerAdapter : ControllerAdvice beans: 0 @ModelAttribute, 0 @InitBinder, 1 RequestBodyAdvice, 1 ResponseBodyAdvice
2020-07-31 17:03:40.050 DEBUG 11416 --- [main] s.w.s.m.m.a.RequestMappingHandlerMapping : 8 mappings in 'requestMappingHandlerMapping'
2020-07-31 17:03:40.100 DEBUG 11416 --- [main] o.s.w.s.handler.SimpleUrlHandlerMapping  : Patterns [/webjars/**, /**] in 'resourceHandlerMapping'
2020-07-31 17:03:40.121 DEBUG 11416 --- [main] .m.m.a.ExceptionHandlerExceptionResolver : ControllerAdvice beans: 0 @ExceptionHandler, 1 ResponseBodyAdvice
2020-07-31 17:03:40.325  INFO 11416 --- [main] o.s.b.w.embedded.tomcat.TomcatWebServer  : Tomcat started on port(s): 8090 (http) with context path ''
2020-07-31 17:03:40.329  INFO 11416 --- [main] net.sample.demo.DemoApplication          : Started DemoApplication in 7.36 seconds (JVM running for 8.292)
2020-07-31 17:04:30.320  INFO 11416 --- [http-nio-8090-exec-1] o.a.c.c.C.[Tomcat].[localhost].[/]       : Initializing Spring DispatcherServlet 'dispatcherServlet'
2020-07-31 17:04:30.321  INFO 11416 --- [http-nio-8090-exec-1] o.s.web.servlet.DispatcherServlet        : Initializing Servlet 'dispatcherServlet'
2020-07-31 17:04:30.321 DEBUG 11416 --- [http-nio-8090-exec-1] o.s.web.servlet.DispatcherServlet        : Detected StandardServletMultipartResolver
2020-07-31 17:04:30.337 DEBUG 11416 --- [http-nio-8090-exec-1] o.s.web.servlet.DispatcherServlet        : enableLoggingRequestDetails='false': request parameters and headers will be masked to prevent unsafe logging of potentially sensitive data
2020-07-31 17:04:30.339  INFO 11416 --- [http-nio-8090-exec-1] o.s.web.servlet.DispatcherServlet        : Completed initialization in 17 ms
2020-07-31 17:04:30.353 DEBUG 11416 --- [http-nio-8090-exec-1] o.s.web.servlet.DispatcherServlet        : POST "/demo/products", parameters={}
2020-07-31 17:04:30.358 DEBUG 11416 --- [http-nio-8090-exec-1] s.w.s.m.m.a.RequestMappingHandlerMapping : Mapped to net.sample.demo.ProductController#save(Product)
2020-07-31 17:04:30.682 DEBUG 11416 --- [http-nio-8090-exec-1] m.m.a.RequestResponseBodyMethodProcessor : Read "application/json;charset=UTF-8" to [id=null
 name=sample2
 price=79]
2020-07-31 17:04:31.518 DEBUG 11416 --- [http-nio-8090-exec-1] o.s.w.s.m.m.a.HttpEntityMethodProcessor  : Using 'application/json', given [*/*] and supported [application/json, application/*+json, application/json, application/*+json]
2020-07-31 17:04:31.519 DEBUG 11416 --- [http-nio-8090-exec-1] o.s.w.s.m.m.a.HttpEntityMethodProcessor  : Writing [id=7
 name=sample2
 price=79]
2020-07-31 17:04:31.541 DEBUG 11416 --- [http-nio-8090-exec-1] o.s.web.servlet.DispatcherServlet        : Completed 200 OK
2020-07-31 19:25:36.816  INFO 5188 --- [main] net.sample.demo.DemoApplication          : Starting DemoApplication on SARATH with PID 5188 (F:\MyAJIO\Projects\demo\target\classes started by Sarath in F:\MyAJIO\Projects\demo)
2020-07-31 19:25:36.863  INFO 5188 --- [main] net.sample.demo.DemoApplication          : No active profile set, falling back to default profiles: default
2020-07-31 19:25:38.701  INFO 5188 --- [main] .s.d.r.c.RepositoryConfigurationDelegate : Bootstrapping Spring Data JPA repositories in DEFAULT mode.
2020-07-31 19:25:39.045  INFO 5188 --- [main] .s.d.r.c.RepositoryConfigurationDelegate : Finished Spring Data repository scanning in 289ms. Found 1 JPA repository interfaces.
2020-07-31 19:25:41.442  INFO 5188 --- [main] o.s.b.w.embedded.tomcat.TomcatWebServer  : Tomcat initialized with port(s): 8090 (http)
2020-07-31 19:25:41.478  INFO 5188 --- [main] o.apache.catalina.core.StandardService   : Starting service [Tomcat]
2020-07-31 19:25:41.479  INFO 5188 --- [main] org.apache.catalina.core.StandardEngine  : Starting Servlet engine: [Apache Tomcat/9.0.37]
2020-07-31 19:25:41.752  INFO 5188 --- [main] o.a.c.c.C.[Tomcat].[localhost].[/]       : Initializing Spring embedded WebApplicationContext
2020-07-31 19:25:41.753  INFO 5188 --- [main] w.s.c.ServletWebServerApplicationContext : Root WebApplicationContext: initialization completed in 4723 ms
2020-07-31 19:25:42.285  INFO 5188 --- [main] o.hibernate.jpa.internal.util.LogHelper  : HHH000204: Processing PersistenceUnitInfo [name: default]
2020-07-31 19:25:42.408  INFO 5188 --- [main] org.hibernate.Version                    : HHH000412: Hibernate ORM core version 5.4.18.Final
2020-07-31 19:25:42.857  INFO 5188 --- [main] o.hibernate.annotations.common.Version   : HCANN000001: Hibernate Commons Annotations {5.1.0.Final}
2020-07-31 19:25:43.060  INFO 5188 --- [main] com.zaxxer.hikari.HikariDataSource       : HikariPool-1 - Starting...
2020-07-31 19:25:44.223  INFO 5188 --- [main] com.zaxxer.hikari.HikariDataSource       : HikariPool-1 - Start completed.
2020-07-31 19:25:44.309  INFO 5188 --- [main] org.hibernate.dialect.Dialect            : HHH000400: Using dialect: org.hibernate.dialect.MySQL8Dialect
2020-07-31 19:25:47.658  INFO 5188 --- [main] o.h.e.t.j.p.i.JtaPlatformInitiator       : HHH000490: Using JtaPlatform implementation: [org.hibernate.engine.transaction.jta.platform.internal.NoJtaPlatform]
2020-07-31 19:25:47.698  INFO 5188 --- [main] j.LocalContainerEntityManagerFactoryBean : Initialized JPA EntityManagerFactory for persistence unit 'default'
2020-07-31 19:25:48.682  WARN 5188 --- [main] JpaBaseConfiguration$JpaWebConfiguration : spring.jpa.open-in-view is enabled by default. Therefore, database queries may be performed during view rendering. Explicitly configure spring.jpa.open-in-view to disable this warning
2020-07-31 19:25:49.187  INFO 5188 --- [main] o.s.s.concurrent.ThreadPoolTaskExecutor  : Initializing ExecutorService 'applicationTaskExecutor'
2020-07-31 19:25:49.219 DEBUG 5188 --- [main] s.w.s.m.m.a.RequestMappingHandlerAdapter : ControllerAdvice beans: 0 @ModelAttribute, 0 @InitBinder, 1 RequestBodyAdvice, 1 ResponseBodyAdvice
2020-07-31 19:25:49.469 DEBUG 5188 --- [main] s.w.s.m.m.a.RequestMappingHandlerMapping : 8 mappings in 'requestMappingHandlerMapping'
2020-07-31 19:25:49.582 DEBUG 5188 --- [main] o.s.w.s.handler.SimpleUrlHandlerMapping  : Patterns [/webjars/**, /**] in 'resourceHandlerMapping'
2020-07-31 19:25:49.611 DEBUG 5188 --- [main] .m.m.a.ExceptionHandlerExceptionResolver : ControllerAdvice beans: 0 @ExceptionHandler, 1 ResponseBodyAdvice
2020-07-31 19:25:50.006  INFO 5188 --- [main] o.s.b.w.embedded.tomcat.TomcatWebServer  : Tomcat started on port(s): 8090 (http) with context path ''
2020-07-31 19:25:50.020  INFO 5188 --- [main] net.sample.demo.DemoApplication          : Started DemoApplication in 14.236 seconds (JVM running for 15.692)
2020-07-31 19:26:19.787  INFO 5188 --- [http-nio-8090-exec-1] o.a.c.c.C.[Tomcat].[localhost].[/]       : Initializing Spring DispatcherServlet 'dispatcherServlet'
2020-07-31 19:26:19.788  INFO 5188 --- [http-nio-8090-exec-1] o.s.web.servlet.DispatcherServlet        : Initializing Servlet 'dispatcherServlet'
2020-07-31 19:26:19.788 DEBUG 5188 --- [http-nio-8090-exec-1] o.s.web.servlet.DispatcherServlet        : Detected StandardServletMultipartResolver
2020-07-31 19:26:19.832 DEBUG 5188 --- [http-nio-8090-exec-1] o.s.web.servlet.DispatcherServlet        : enableLoggingRequestDetails='false': request parameters and headers will be masked to prevent unsafe logging of potentially sensitive data
2020-07-31 19:26:19.832  INFO 5188 --- [http-nio-8090-exec-1] o.s.web.servlet.DispatcherServlet        : Completed initialization in 44 ms
2020-07-31 19:26:19.886 DEBUG 5188 --- [http-nio-8090-exec-1] o.s.web.servlet.DispatcherServlet        : GET "/demo", parameters={}
2020-07-31 19:26:19.907 DEBUG 5188 --- [http-nio-8090-exec-1] s.w.s.m.m.a.RequestMappingHandlerMapping : Mapped to net.sample.demo.ProductController#welcome()
2020-07-31 19:26:20.144 DEBUG 5188 --- [http-nio-8090-exec-1] m.m.a.RequestResponseBodyMethodProcessor : Using 'text/plain', given [*/*] and supported [text/plain, */*, text/plain, */*, application/json, application/*+json, application/json, application/*+json]
2020-07-31 19:26:20.150 DEBUG 5188 --- [http-nio-8090-exec-1] m.m.a.RequestResponseBodyMethodProcessor : Writing ["Welcome"]
2020-07-31 19:26:20.199 DEBUG 5188 --- [http-nio-8090-exec-1] o.s.web.servlet.DispatcherServlet        : Completed 200 OK
2020-07-31 19:26:30.968 DEBUG 5188 --- [http-nio-8090-exec-2] o.s.web.servlet.DispatcherServlet        : GET "/demo/products", parameters={}
2020-07-31 19:26:30.969 DEBUG 5188 --- [http-nio-8090-exec-2] s.w.s.m.m.a.RequestMappingHandlerMapping : Mapped to net.sample.demo.ProductController#getAll()
2020-07-31 19:26:31.739 DEBUG 5188 --- [http-nio-8090-exec-2] m.m.a.RequestResponseBodyMethodProcessor : Using 'application/json', given [*/*] and supported [application/json, application/*+json, application/json, application/*+json]
2020-07-31 19:26:31.742 DEBUG 5188 --- [http-nio-8090-exec-2] m.m.a.RequestResponseBodyMethodProcessor : Writing [[id=1
 name=one
 price=100, id=2
 name=two
 price=200, id=3
 name=three
 price=3, id=4
 name=four
 p (truncated)...]
2020-07-31 19:26:32.108 DEBUG 5188 --- [http-nio-8090-exec-2] o.s.web.servlet.DispatcherServlet        : Completed 200 OK
2020-07-31 19:34:23.543 DEBUG 5188 --- [http-nio-8090-exec-4] o.s.web.servlet.DispatcherServlet        : POST "/demo/products", parameters={}
2020-07-31 19:34:23.544 DEBUG 5188 --- [http-nio-8090-exec-4] s.w.s.m.m.a.RequestMappingHandlerMapping : Mapped to net.sample.demo.ProductController#save(Product)
2020-07-31 19:34:23.648 DEBUG 5188 --- [http-nio-8090-exec-4] m.m.a.RequestResponseBodyMethodProcessor : Read "application/json;charset=UTF-8" to [id=null
 name=presentation
 price=999]
2020-07-31 19:34:23.895 DEBUG 5188 --- [http-nio-8090-exec-4] o.s.w.s.m.m.a.HttpEntityMethodProcessor  : Using 'application/json', given [*/*] and supported [application/json, application/*+json, application/json, application/*+json]
2020-07-31 19:34:23.896 DEBUG 5188 --- [http-nio-8090-exec-4] o.s.w.s.m.m.a.HttpEntityMethodProcessor  : Writing [id=8
 name=presentation
 price=999]
2020-07-31 19:34:23.898 DEBUG 5188 --- [http-nio-8090-exec-4] o.s.web.servlet.DispatcherServlet        : Completed 200 OK
2020-07-31 19:38:11.080 DEBUG 5188 --- [http-nio-8090-exec-6] o.s.web.servlet.DispatcherServlet        : GET "/demo", parameters={}
2020-07-31 19:38:11.081 DEBUG 5188 --- [http-nio-8090-exec-6] s.w.s.m.m.a.RequestMappingHandlerMapping : Mapped to net.sample.demo.ProductController#welcome()
2020-07-31 19:38:11.083 DEBUG 5188 --- [http-nio-8090-exec-6] m.m.a.RequestResponseBodyMethodProcessor : Using 'text/plain', given [*/*] and supported [text/plain, */*, text/plain, */*, application/json, application/*+json, application/json, application/*+json]
2020-07-31 19:38:11.083 DEBUG 5188 --- [http-nio-8090-exec-6] m.m.a.RequestResponseBodyMethodProcessor : Writing ["Welcome"]
2020-07-31 19:38:11.085 DEBUG 5188 --- [http-nio-8090-exec-6] o.s.web.servlet.DispatcherServlet        : Completed 200 OK
2020-07-31 19:38:17.343 DEBUG 5188 --- [http-nio-8090-exec-7] o.s.web.servlet.DispatcherServlet        : GET "/demo/products", parameters={}
2020-07-31 19:38:17.345 DEBUG 5188 --- [http-nio-8090-exec-7] s.w.s.m.m.a.RequestMappingHandlerMapping : Mapped to net.sample.demo.ProductController#getAll()
2020-07-31 19:38:17.380 DEBUG 5188 --- [http-nio-8090-exec-7] m.m.a.RequestResponseBodyMethodProcessor : Using 'application/json', given [*/*] and supported [application/json, application/*+json, application/json, application/*+json]
2020-07-31 19:38:17.381 DEBUG 5188 --- [http-nio-8090-exec-7] m.m.a.RequestResponseBodyMethodProcessor : Writing [[id=1
 name=one
 price=100, id=2
 name=two
 price=200, id=3
 name=three
 price=3, id=4
 name=four
 p (truncated)...]
2020-07-31 19:38:17.384 DEBUG 5188 --- [http-nio-8090-exec-7] o.s.web.servlet.DispatcherServlet        : Completed 200 OK
2020-07-31 19:38:28.039 DEBUG 5188 --- [http-nio-8090-exec-8] o.s.web.servlet.DispatcherServlet        : GET "/demo/products/3", parameters={}
2020-07-31 19:38:28.041 DEBUG 5188 --- [http-nio-8090-exec-8] s.w.s.m.m.a.RequestMappingHandlerMapping : Mapped to net.sample.demo.ProductController#get(Integer)
2020-07-31 19:38:28.082 DEBUG 5188 --- [http-nio-8090-exec-8] o.s.w.s.m.m.a.HttpEntityMethodProcessor  : Using 'application/json', given [*/*] and supported [application/json, application/*+json, application/json, application/*+json]
2020-07-31 19:38:28.083 DEBUG 5188 --- [http-nio-8090-exec-8] o.s.w.s.m.m.a.HttpEntityMethodProcessor  : Writing [id=3
 name=three
 price=3]
2020-07-31 19:38:28.084 DEBUG 5188 --- [http-nio-8090-exec-8] o.s.web.servlet.DispatcherServlet        : Completed 200 OK
2020-07-31 19:38:51.184 DEBUG 5188 --- [http-nio-8090-exec-9] o.s.web.servlet.DispatcherServlet        : POST "/demo/products/3", parameters={}
2020-07-31 19:38:51.251  WARN 5188 --- [http-nio-8090-exec-9] .w.s.m.s.DefaultHandlerExceptionResolver : Resolved [org.springframework.web.HttpRequestMethodNotSupportedException: Request method 'POST' not supported]
2020-07-31 19:38:51.251 DEBUG 5188 --- [http-nio-8090-exec-9] o.s.web.servlet.DispatcherServlet        : Completed 405 METHOD_NOT_ALLOWED
2020-07-31 19:38:51.266 DEBUG 5188 --- [http-nio-8090-exec-9] o.s.web.servlet.DispatcherServlet        : "ERROR" dispatch for POST "/error", parameters={}
2020-07-31 19:38:51.270 DEBUG 5188 --- [http-nio-8090-exec-9] s.w.s.m.m.a.RequestMappingHandlerMapping : Mapped to org.springframework.boot.autoconfigure.web.servlet.error.BasicErrorController#error(HttpServletRequest)
2020-07-31 19:38:51.289 DEBUG 5188 --- [http-nio-8090-exec-9] o.s.w.s.m.m.a.HttpEntityMethodProcessor  : Using 'application/json', given [*/*] and supported [application/json, application/*+json, application/json, application/*+json]
2020-07-31 19:38:51.290 DEBUG 5188 --- [http-nio-8090-exec-9] o.s.w.s.m.m.a.HttpEntityMethodProcessor  : Writing [{timestamp=Fri Jul 31 19:38:51 IST 2020, status=405, error=Method Not Allowed, message=Request metho (truncated)...]
2020-07-31 19:38:51.366 DEBUG 5188 --- [http-nio-8090-exec-9] o.s.web.servlet.DispatcherServlet        : Exiting from "ERROR" dispatch, status 405
2020-07-31 19:39:07.748 DEBUG 5188 --- [http-nio-8090-exec-10] o.s.web.servlet.DispatcherServlet        : POST "/demo/products/3", parameters={}
2020-07-31 19:39:07.749  WARN 5188 --- [http-nio-8090-exec-10] .w.s.m.s.DefaultHandlerExceptionResolver : Resolved [org.springframework.web.HttpRequestMethodNotSupportedException: Request method 'POST' not supported]
2020-07-31 19:39:07.749 DEBUG 5188 --- [http-nio-8090-exec-10] o.s.web.servlet.DispatcherServlet        : Completed 405 METHOD_NOT_ALLOWED
2020-07-31 19:39:07.750 DEBUG 5188 --- [http-nio-8090-exec-10] o.s.web.servlet.DispatcherServlet        : "ERROR" dispatch for POST "/error", parameters={}
2020-07-31 19:39:07.752 DEBUG 5188 --- [http-nio-8090-exec-10] s.w.s.m.m.a.RequestMappingHandlerMapping : Mapped to org.springframework.boot.autoconfigure.web.servlet.error.BasicErrorController#error(HttpServletRequest)
2020-07-31 19:39:07.758 DEBUG 5188 --- [http-nio-8090-exec-10] o.s.w.s.m.m.a.HttpEntityMethodProcessor  : Using 'application/json', given [*/*] and supported [application/json, application/*+json, application/json, application/*+json]
2020-07-31 19:39:07.759 DEBUG 5188 --- [http-nio-8090-exec-10] o.s.w.s.m.m.a.HttpEntityMethodProcessor  : Writing [{timestamp=Fri Jul 31 19:39:07 IST 2020, status=405, error=Method Not Allowed, message=Request metho (truncated)...]
2020-07-31 19:39:07.763 DEBUG 5188 --- [http-nio-8090-exec-10] o.s.web.servlet.DispatcherServlet        : Exiting from "ERROR" dispatch, status 405
2020-07-31 19:39:16.696 DEBUG 5188 --- [http-nio-8090-exec-1] o.s.web.servlet.DispatcherServlet        : POST "/demo/products/3", parameters={}
2020-07-31 19:39:16.697  WARN 5188 --- [http-nio-8090-exec-1] .w.s.m.s.DefaultHandlerExceptionResolver : Resolved [org.springframework.web.HttpRequestMethodNotSupportedException: Request method 'POST' not supported]
2020-07-31 19:39:16.697 DEBUG 5188 --- [http-nio-8090-exec-1] o.s.web.servlet.DispatcherServlet        : Completed 405 METHOD_NOT_ALLOWED
2020-07-31 19:39:16.698 DEBUG 5188 --- [http-nio-8090-exec-1] o.s.web.servlet.DispatcherServlet        : "ERROR" dispatch for POST "/error", parameters={}
2020-07-31 19:39:16.699 DEBUG 5188 --- [http-nio-8090-exec-1] s.w.s.m.m.a.RequestMappingHandlerMapping : Mapped to org.springframework.boot.autoconfigure.web.servlet.error.BasicErrorController#error(HttpServletRequest)
2020-07-31 19:39:16.701 DEBUG 5188 --- [http-nio-8090-exec-1] o.s.w.s.m.m.a.HttpEntityMethodProcessor  : Using 'application/json', given [*/*] and supported [application/json, application/*+json, application/json, application/*+json]
2020-07-31 19:39:16.701 DEBUG 5188 --- [http-nio-8090-exec-1] o.s.w.s.m.m.a.HttpEntityMethodProcessor  : Writing [{timestamp=Fri Jul 31 19:39:16 IST 2020, status=405, error=Method Not Allowed, message=Request metho (truncated)...]
2020-07-31 19:39:16.704 DEBUG 5188 --- [http-nio-8090-exec-1] o.s.web.servlet.DispatcherServlet        : Exiting from "ERROR" dispatch, status 405
2020-07-31 19:39:28.205 DEBUG 5188 --- [http-nio-8090-exec-2] o.s.web.servlet.DispatcherServlet        : POST "/demo/products", parameters={}
2020-07-31 19:39:28.206 DEBUG 5188 --- [http-nio-8090-exec-2] s.w.s.m.m.a.RequestMappingHandlerMapping : Mapped to net.sample.demo.ProductController#save(Product)
2020-07-31 19:39:28.207 DEBUG 5188 --- [http-nio-8090-exec-2] m.m.a.RequestResponseBodyMethodProcessor : Read "application/json;charset=UTF-8" to [id=null
 name=prese
 price=888]
2020-07-31 19:39:28.509 DEBUG 5188 --- [http-nio-8090-exec-2] o.s.w.s.m.m.a.HttpEntityMethodProcessor  : Using 'application/json', given [*/*] and supported [application/json, application/*+json, application/json, application/*+json]
2020-07-31 19:39:28.509 DEBUG 5188 --- [http-nio-8090-exec-2] o.s.w.s.m.m.a.HttpEntityMethodProcessor  : Writing [id=9
 name=prese
 price=888]
2020-07-31 19:39:28.511 DEBUG 5188 --- [http-nio-8090-exec-2] o.s.web.servlet.DispatcherServlet        : Completed 200 OK
